<?xml version="1.0" encoding="UTF-8"?>
<!-- Generated by org.testng.reporters.JUnitXMLReporter -->
<testsuite ignored="0" hostname="BSC-PG01M1L5" failures="1" tests="5" name="Test" time="36.438" errors="0" timestamp="2020-05-12T15:08:43 IST">
  <testcase classname="com.crm.qa.testcases.HomePageTest" name="verifyHomePageTitleTest" time="0.084"/>
  <testcase classname="com.crm.qa.testcases.HomePageTest" name="verifyHomeLink" time="0.068"/>
  <testcase classname="com.crm.qa.testcases.HomePageTest" name="verifyLoginLink" time="0.051"/>
  <testcase classname="com.crm.qa.testcases.HomePageTest" name="verifySignUpLink" time="0.041"/>
  <testcase classname="com.crm.qa.testcases.HomePageTest" name="verifyTagsOnPage" time="0.56">
    <failure type="java.lang.AssertionError" message="No Popular Tags present on home page expected [true] but found [false]">
      <![CDATA[java.lang.AssertionError: No Popular Tags present on home page expected [true] but found [false]
at com.crm.qa.testcases.HomePageTest.verifyTagsOnPage(HomePageTest.java:78)
at java.base/java.util.ArrayList.forEach(ArrayList.java:1540)
... Removed 30 stack frames]]>
    </failure>
  </testcase> <!-- verifyTagsOnPage -->
</testsuite> <!-- Test -->
